<?xml version="1.0" encoding="UTF-8"?>
<!-- Generated by org.testng.reporters.JUnitReportReporter -->
<testsuite hostname="Koushik" failures="0" tests="1" name="BasicProgram.testprogram" time="0.009" errors="0" timestamp="2025-01-10T22:36:11 IST" skipped="0">
  <testcase classname="BasicProgram.testprogram" name="stringrev" time="0.009"/>
</testsuite> <!-- BasicProgram.testprogram -->
