<?xml version="1.0" encoding="UTF-8"?>
<!-- Generated by org.testng.reporters.JUnitReportReporter -->
<testsuite hostname="Koushik" failures="0" tests="1" name="BasicProgram.pattern" time="0.006" errors="0" timestamp="2025-01-10T22:36:55 IST" skipped="0">
  <testcase classname="BasicProgram.pattern" name="stringpattern" time="0.006"/>
</testsuite> <!-- BasicProgram.pattern -->
